生成启动时间为 2020/1/28 17:57:06。
     1>项目“C:\Users\Administrator\Desktop\CPlusPlus\WindowsProgramming\Windows-via-C-Code\01-ErrorShow\01-ErrorShow.vcxproj”在节点 2 上(build 个目标)。
     1>InitializeBuildStatus:
         正在创建“Debug\01-ErrorShow.unsuccessfulbuild”，因为已指定“AlwaysCreate”。
       ClCompile:
         C:\Program Files (x86)\Microsoft Visual Studio 10.0\VC\bin\CL.exe /c /ZI /nologo /W3 /WX- /Od /Oy- /D WIN32 /D _DEBUG /D _WINDOWS /D _UNICODE /D UNICODE /Gm /EHsc /RTC1 /MDd /GS /fp:precise /Zc:wchar_t /Zc:forScope /Fo"Debug\\" /Fd"Debug\vc100.pdb" /Gd /TP /analyze- /errorReport:prompt ErrorShow.cpp
         ErrorShow.cpp
       ResourceCompile:
         C:\Program Files (x86)\Microsoft SDKs\Windows\v7.0A\bin\rc.exe /D _UNICODE /D UNICODE /l"0x0409" /nologo /fo"Debug\ErrorShow.res" ErrorShow.rc 
       ManifestResourceCompile:
         C:\Program Files (x86)\Microsoft SDKs\Windows\v7.0A\bin\rc.exe /nologo /fo"Debug\01-ErrorShow.exe.embed.manifest.res" Debug\01-ErrorShow_manifest.rc 
       Link:
         C:\Program Files (x86)\Microsoft Visual Studio 10.0\VC\bin\link.exe /ERRORREPORT:PROMPT /OUT:"C:\Users\Administrator\Desktop\CPlusPlus\WindowsProgramming\Windows-via-C-Code\01-ErrorShow\Debug\01-ErrorShow.exe" /INCREMENTAL /NOLOGO kernel32.lib user32.lib gdi32.lib winspool.lib comdlg32.lib advapi32.lib shell32.lib ole32.lib oleaut32.lib uuid.lib odbc32.lib odbccp32.lib /MANIFEST /ManifestFile:"Debug\01-ErrorShow.exe.intermediate.manifest" /MANIFESTUAC:"level='asInvoker' uiAccess='false'" /DEBUG /PDB:"C:\Users\Administrator\Desktop\CPlusPlus\WindowsProgramming\Windows-via-C-Code\01-ErrorShow\Debug\01-ErrorShow.pdb" /SUBSYSTEM:WINDOWS /TLBID:1 /DYNAMICBASE /NXCOMPAT /IMPLIB:"C:\Users\Administrator\Desktop\CPlusPlus\WindowsProgramming\Windows-via-C-Code\01-ErrorShow\Debug\01-ErrorShow.lib" /MACHINE:X86 Debug\ErrorShow.res
         "Debug\01-ErrorShow.exe.embed.manifest.res"
         Debug\ErrorShow.obj
       Manifest:
         C:\Program Files (x86)\Microsoft SDKs\Windows\v7.0A\bin\mt.exe /nologo /verbose /out:"Debug\01-ErrorShow.exe.embed.manifest" /manifest "Debug\01-ErrorShow.exe.intermediate.manifest"
         C:\Program Files (x86)\Microsoft SDKs\Windows\v7.0A\bin\rc.exe /nologo /fo"Debug\01-ErrorShow.exe.embed.manifest.res" Debug\01-ErrorShow_manifest.rc 
       LinkEmbedManifest:
         C:\Program Files (x86)\Microsoft Visual Studio 10.0\VC\bin\link.exe /ERRORREPORT:PROMPT /OUT:"C:\Users\Administrator\Desktop\CPlusPlus\WindowsProgramming\Windows-via-C-Code\01-ErrorShow\Debug\01-ErrorShow.exe" /INCREMENTAL /NOLOGO kernel32.lib user32.lib gdi32.lib winspool.lib comdlg32.lib advapi32.lib shell32.lib ole32.lib oleaut32.lib uuid.lib odbc32.lib odbccp32.lib /MANIFEST /ManifestFile:"Debug\01-ErrorShow.exe.intermediate.manifest" /MANIFESTUAC:"level='asInvoker' uiAccess='false'" /DEBUG /PDB:"C:\Users\Administrator\Desktop\CPlusPlus\WindowsProgramming\Windows-via-C-Code\01-ErrorShow\Debug\01-ErrorShow.pdb" /SUBSYSTEM:WINDOWS /TLBID:1 /DYNAMICBASE /NXCOMPAT /IMPLIB:"C:\Users\Administrator\Desktop\CPlusPlus\WindowsProgramming\Windows-via-C-Code\01-ErrorShow\Debug\01-ErrorShow.lib" /MACHINE:X86 Debug\ErrorShow.res
         "Debug\01-ErrorShow.exe.embed.manifest.res"
         Debug\ErrorShow.obj
         01-ErrorShow.vcxproj -> C:\Users\Administrator\Desktop\CPlusPlus\WindowsProgramming\Windows-via-C-Code\01-ErrorShow\Debug\01-ErrorShow.exe
       FinalizeBuildStatus:
         正在删除文件“Debug\01-ErrorShow.unsuccessfulbuild”。
         正在对“Debug\01-ErrorShow.lastbuildstate”执行 Touch 任务。
     1>已完成生成项目“C:\Users\Administrator\Desktop\CPlusPlus\WindowsProgramming\Windows-via-C-Code\01-ErrorShow\01-ErrorShow.vcxproj”(build 个目标)的操作。

生成成功。

已用时间 00:00:19.70
