生成启动时间为 2020/1/28 18:02:34。
     1>项目“C:\Users\Administrator\Desktop\CPlusPlus\WindowsProgramming\Windows-via-C-Code\01-ErrorShow\01-ErrorShow.vcxproj”在节点 2 上(build 个目标)。
     1>InitializeBuildStatus:
         正在创建“Release\01-ErrorShow.unsuccessfulbuild”，因为已指定“AlwaysCreate”。
       ClCompile:
         C:\Program Files (x86)\Microsoft Visual Studio 10.0\VC\bin\CL.exe /c /Zi /nologo /W3 /WX- /O2 /Oy- /GL /D WIN32 /D NDEBUG /D _WINDOWS /D _UNICODE /D UNICODE /Gm- /EHsc /MD /GS /fp:precise /Zc:wchar_t /Zc:forScope /Fo"Release\\" /Fd"Release\vc100.pdb" /Gd /TP /analyze- /errorReport:prompt ErrorShow.cpp
         ErrorShow.cpp
       ResourceCompile:
         C:\Program Files (x86)\Microsoft SDKs\Windows\v7.0A\bin\rc.exe /D _UNICODE /D UNICODE /l"0x0409" /nologo /fo"Release\ErrorShow.res" ErrorShow.rc 
       Link:
         C:\Program Files (x86)\Microsoft Visual Studio 10.0\VC\bin\link.exe /ERRORREPORT:PROMPT /OUT:"C:\Users\Administrator\Desktop\CPlusPlus\WindowsProgramming\Windows-via-C-Code\01-ErrorShow\Release\01-ErrorShow.exe" /INCREMENTAL:NO /NOLOGO kernel32.lib user32.lib gdi32.lib winspool.lib comdlg32.lib advapi32.lib shell32.lib ole32.lib oleaut32.lib uuid.lib odbc32.lib odbccp32.lib /MANIFEST /ManifestFile:"Release\01-ErrorShow.exe.intermediate.manifest" /MANIFESTUAC:"level='asInvoker' uiAccess='false'" /DEBUG /PDB:"C:\Users\Administrator\Desktop\CPlusPlus\WindowsProgramming\Windows-via-C-Code\01-ErrorShow\Release\01-ErrorShow.pdb" /SUBSYSTEM:WINDOWS /OPT:REF /OPT:ICF /LTCG /TLBID:1 /DYNAMICBASE /NXCOMPAT /IMPLIB:"C:\Users\Administrator\Desktop\CPlusPlus\WindowsProgramming\Windows-via-C-Code\01-ErrorShow\Release\01-ErrorShow.lib" /MACHINE:X86 Release\ErrorShow.res
         Release\ErrorShow.obj
         正在生成代码
         已完成代码的生成
         01-ErrorShow.vcxproj -> C:\Users\Administrator\Desktop\CPlusPlus\WindowsProgramming\Windows-via-C-Code\01-ErrorShow\Release\01-ErrorShow.exe
       Manifest:
         C:\Program Files (x86)\Microsoft SDKs\Windows\v7.0A\bin\mt.exe /nologo /verbose /outputresource:"C:\Users\Administrator\Desktop\CPlusPlus\WindowsProgramming\Windows-via-C-Code\01-ErrorShow\Release\01-ErrorShow.exe;#1" /manifest "Release\01-ErrorShow.exe.intermediate.manifest"
       FinalizeBuildStatus:
         正在删除文件“Release\01-ErrorShow.unsuccessfulbuild”。
         正在对“Release\01-ErrorShow.lastbuildstate”执行 Touch 任务。
     1>已完成生成项目“C:\Users\Administrator\Desktop\CPlusPlus\WindowsProgramming\Windows-via-C-Code\01-ErrorShow\01-ErrorShow.vcxproj”(build 个目标)的操作。

生成成功。

已用时间 00:00:00.99
